<?xml version="1.0" encoding="UTF-8"?>
<coverage generated="1678734353680" clover="3.2.0">
  <project timestamp="1678734353680" name="All files">
    <metrics statements="8" coveredstatements="8" conditionals="24" coveredconditionals="24" methods="6" coveredmethods="6" elements="38" coveredelements="38" complexity="0" loc="8" ncloc="8" packages="1" files="1" classes="1"/>
    <file name="operacoes.js" path="C:\Users\leandro.lobo\Documents\TDD\src\operacoes.js">
      <metrics statements="8" coveredstatements="8" conditionals="24" coveredconditionals="24" methods="6" coveredmethods="6"/>
      <line num="3" count="5" type="cond" truecount="4" falsecount="0"/>
      <line num="4" count="3" type="stmt"/>
      <line num="6" count="5" type="cond" truecount="4" falsecount="0"/>
      <line num="8" count="9" type="cond" truecount="6" falsecount="0"/>
      <line num="9" count="9" type="cond" truecount="8" falsecount="0"/>
      <line num="10" count="9" type="stmt"/>
      <line num="11" count="9" type="cond" truecount="2" falsecount="0"/>
      <line num="12" count="1" type="stmt"/>
    </file>
  </project>
</coverage>
