{"C:\\Users\\leandro.lobo\\Documents\\TDD\\src\\operacoes.js": {"path":"C:\\Users\\leandro.lobo\\Documents\\TDD\\src\\operacoes.js","statementMap":{"0":{"start":{"line":3,"column":4},"end":{"line":3,"column":52}},"1":{"start":{"line":3,"column":38},"end":{"line":3,"column":50}},"2":{"start":{"line":4,"column":4},"end":{"line":4,"column":22}},"3":{"start":{"line":6,"column":4},"end":{"line":6,"column":52}},"4":{"start":{"line":6,"column":38},"end":{"line":6,"column":50}},"5":{"start":{"line":6,"column":53},"end":{"line":6,"column":71}},"6":{"start":{"line":8,"column":4},"end":{"line":8,"column":55}},"7":{"start":{"line":8,"column":38},"end":{"line":8,"column":53}},"8":{"start":{"line":8,"column":56},"end":{"line":8,"column":91}},"9":{"start":{"line":8,"column":74},"end":{"line":8,"column":89}},"10":{"start":{"line":8,"column":92},"end":{"line":8,"column":111}},"11":{"start":{"line":9,"column":29},"end":{"line":9,"column":77}},"12":{"start":{"line":9,"column":63},"end":{"line":9,"column":75}},"13":{"start":{"line":9,"column":78},"end":{"line":9,"column":96}},"14":{"start":{"line":9,"column":126},"end":{"line":9,"column":175}},"15":{"start":{"line":9,"column":160},"end":{"line":9,"column":173}},"16":{"start":{"line":9,"column":176},"end":{"line":9,"column":195}},"17":{"start":{"line":10,"column":4},"end":{"line":10,"column":21}},"18":{"start":{"line":11,"column":4},"end":{"line":11,"column":38}},"19":{"start":{"line":11,"column":23},"end":{"line":11,"column":36}},"20":{"start":{"line":11,"column":39},"end":{"line":11,"column":68}},"21":{"start":{"line":12,"column":2},"end":{"line":12,"column":51}}},"fnMap":{"0":{"name":"sum","decl":{"start":{"line":2,"column":9},"end":{"line":2,"column":12}},"loc":{"start":{"line":2,"column":25},"end":{"line":5,"column":1}},"line":2},"1":{"name":"sub","decl":{"start":{"line":5,"column":11},"end":{"line":5,"column":14}},"loc":{"start":{"line":5,"column":27},"end":{"line":7,"column":1}},"line":5},"2":{"name":"div","decl":{"start":{"line":7,"column":11},"end":{"line":7,"column":14}},"loc":{"start":{"line":7,"column":27},"end":{"line":9,"column":1}},"line":7},"3":{"name":"mul","decl":{"start":{"line":9,"column":11},"end":{"line":9,"column":14}},"loc":{"start":{"line":9,"column":27},"end":{"line":9,"column":98}},"line":9},"4":{"name":"pot","decl":{"start":{"line":9,"column":108},"end":{"line":9,"column":111}},"loc":{"start":{"line":9,"column":124},"end":{"line":9,"column":197}},"line":9},"5":{"name":"rai","decl":{"start":{"line":9,"column":207},"end":{"line":9,"column":210}},"loc":{"start":{"line":9,"column":217},"end":{"line":12,"column":1}},"line":9}},"branchMap":{"0":{"loc":{"start":{"line":3,"column":4},"end":{"line":3,"column":52}},"type":"if","locations":[{"start":{"line":3,"column":4},"end":{"line":3,"column":52}},{"start":{},"end":{}}],"line":3},"1":{"loc":{"start":{"line":3,"column":8},"end":{"line":3,"column":34}},"type":"binary-expr","locations":[{"start":{"line":3,"column":8},"end":{"line":3,"column":19}},{"start":{"line":3,"column":23},"end":{"line":3,"column":34}}],"line":3},"2":{"loc":{"start":{"line":6,"column":4},"end":{"line":6,"column":52}},"type":"if","locations":[{"start":{"line":6,"column":4},"end":{"line":6,"column":52}},{"start":{},"end":{}}],"line":6},"3":{"loc":{"start":{"line":6,"column":8},"end":{"line":6,"column":34}},"type":"binary-expr","locations":[{"start":{"line":6,"column":8},"end":{"line":6,"column":19}},{"start":{"line":6,"column":23},"end":{"line":6,"column":34}}],"line":6},"4":{"loc":{"start":{"line":8,"column":4},"end":{"line":8,"column":55}},"type":"if","locations":[{"start":{"line":8,"column":4},"end":{"line":8,"column":55}},{"start":{},"end":{}}],"line":8},"5":{"loc":{"start":{"line":8,"column":8},"end":{"line":8,"column":34}},"type":"binary-expr","locations":[{"start":{"line":8,"column":8},"end":{"line":8,"column":19}},{"start":{"line":8,"column":23},"end":{"line":8,"column":34}}],"line":8},"6":{"loc":{"start":{"line":8,"column":56},"end":{"line":8,"column":91}},"type":"if","locations":[{"start":{"line":8,"column":56},"end":{"line":8,"column":91}},{"start":{},"end":{}}],"line":8},"7":{"loc":{"start":{"line":9,"column":29},"end":{"line":9,"column":77}},"type":"if","locations":[{"start":{"line":9,"column":29},"end":{"line":9,"column":77}},{"start":{},"end":{}}],"line":9},"8":{"loc":{"start":{"line":9,"column":33},"end":{"line":9,"column":59}},"type":"binary-expr","locations":[{"start":{"line":9,"column":33},"end":{"line":9,"column":44}},{"start":{"line":9,"column":48},"end":{"line":9,"column":59}}],"line":9},"9":{"loc":{"start":{"line":9,"column":126},"end":{"line":9,"column":175}},"type":"if","locations":[{"start":{"line":9,"column":126},"end":{"line":9,"column":175}},{"start":{},"end":{}}],"line":9},"10":{"loc":{"start":{"line":9,"column":130},"end":{"line":9,"column":156}},"type":"binary-expr","locations":[{"start":{"line":9,"column":130},"end":{"line":9,"column":141}},{"start":{"line":9,"column":145},"end":{"line":9,"column":156}}],"line":9},"11":{"loc":{"start":{"line":11,"column":4},"end":{"line":11,"column":38}},"type":"if","locations":[{"start":{"line":11,"column":4},"end":{"line":11,"column":38}},{"start":{},"end":{}}],"line":11}},"s":{"0":5,"1":2,"2":3,"3":5,"4":2,"5":3,"6":9,"7":3,"8":6,"9":1,"10":5,"11":8,"12":2,"13":6,"14":9,"15":2,"16":7,"17":9,"18":9,"19":1,"20":8,"21":1},"f":{"0":5,"1":5,"2":9,"3":8,"4":9,"5":9},"b":{"0":[2,3],"1":[5,4],"2":[2,3],"3":[5,4],"4":[3,6],"5":[9,7],"6":[1,5],"7":[2,6],"8":[8,7],"9":[2,7],"10":[9,8],"11":[1,8]},"_coverageSchema":"1a1c01bbd47fc00a2c39e90264f33305004495a9","hash":"300371be88c5d259ba6d8bda8579bed2a4e43869"}
}
