TN:
SF:src\operacoes.js
FN:2,sum
FN:5,sub
FN:7,div
FN:9,mul
FN:9,pot
FN:9,rai
FNF:6
FNH:6
FNDA:5,sum
FNDA:5,sub
FNDA:9,div
FNDA:8,mul
FNDA:9,pot
FNDA:9,rai
DA:3,5
DA:4,3
DA:6,5
DA:8,9
DA:9,9
DA:10,9
DA:11,9
DA:12,1
LF:8
LH:8
BRDA:3,0,0,2
BRDA:3,0,1,3
BRDA:3,1,0,5
BRDA:3,1,1,4
BRDA:6,2,0,2
BRDA:6,2,1,3
BRDA:6,3,0,5
BRDA:6,3,1,4
BRDA:8,4,0,3
BRDA:8,4,1,6
BRDA:8,5,0,9
BRDA:8,5,1,7
BRDA:8,6,0,1
BRDA:8,6,1,5
BRDA:9,7,0,2
BRDA:9,7,1,6
BRDA:9,8,0,8
BRDA:9,8,1,7
BRDA:9,9,0,2
BRDA:9,9,1,7
BRDA:9,10,0,9
BRDA:9,10,1,8
BRDA:11,11,0,1
BRDA:11,11,1,8
BRF:24
BRH:24
end_of_record
